<?xml version="1.0" encoding="UTF-8"?>
<!-- Generated by org.testng.reporters.JUnitReportReporter -->
<testsuite hostname="Admin-PC" failures="0" tests="1" name="tests.LoginTests" time="1.581" errors="0" timestamp="2025-09-03T15:23:14 GMT+07:00" skipped="0">
  <testcase classname="tests.LoginTests" name="veriryLoginSuccess" time="1.581"/>
</testsuite> <!-- tests.LoginTests -->
