<?xml version="1.0" encoding="UTF-8"?>
<!-- Generated by org.testng.reporters.JUnitReportReporter -->
<testsuite hostname="Admin-PC" failures="0" tests="3" name="com.qwer.tests.ui.LoginTest" time="6.051" errors="0" timestamp="2025-09-04T17:11:15 GMT+07:00" skipped="0">
  <testcase classname="com.qwer.tests.ui.LoginTest" name="loginFailWithWrongInfo" time="2.536"/>
  <testcase classname="com.qwer.tests.ui.LoginTest" name="loginFailWithWrongPass" time="2.279"/>
  <testcase classname="com.qwer.tests.ui.LoginTest" name="loginSuccess" time="1.236"/>
</testsuite> <!-- com.qwer.tests.ui.LoginTest -->
